<?xml version="1.0" encoding="UTF-8"?>
<testng-results ignored="0" total="1" passed="1" failed="0" skipped="0">
  <reporter-output>
  </reporter-output>
  <suite started-at="2019-12-29T22:45:11 IST" name="Default suite" finished-at="2019-12-29T22:45:24 IST" duration-ms="13277">
    <groups>
    </groups>
    <test started-at="2019-12-29T22:45:11 IST" name="Default test" finished-at="2019-12-29T22:45:24 IST" duration-ms="13277">
      <class name="seleniumProject.TestDemo">
        <test-method is-config="true" signature="beforeTest()[pri:0, instance:seleniumProject.TestDemo@40ef3420]" started-at="2019-12-29T22:45:11 IST" name="beforeTest" finished-at="2019-12-29T22:45:24 IST" duration-ms="13156" status="PASS">
          <reporter-output>
          </reporter-output>
        </test-method> <!-- beforeTest -->
        <test-method signature="test()[pri:0, instance:seleniumProject.TestDemo@40ef3420]" started-at="2019-12-29T22:45:24 IST" name="test" finished-at="2019-12-29T22:45:24 IST" duration-ms="20" status="PASS">
          <reporter-output>
          </reporter-output>
        </test-method> <!-- test -->
        <test-method is-config="true" signature="aftermethod()[pri:0, instance:seleniumProject.TestDemo@40ef3420]" started-at="2019-12-29T22:45:24 IST" name="aftermethod" finished-at="2019-12-29T22:45:24 IST" duration-ms="3" status="PASS">
          <reporter-output>
          </reporter-output>
        </test-method> <!-- aftermethod -->
      </class> <!-- seleniumProject.TestDemo -->
    </test> <!-- Default test -->
  </suite> <!-- Default suite -->
</testng-results>
